Build started 09/05/2016 02:42:17.
     1>Project "C:\Users\Naama\VisualStudioProjects\project\TextBox\TextBox\TextBox.vcxproj" on node 2 (Build target(s)).
     1>ClCompile:
         C:\Program Files (x86)\Microsoft Visual Studio 12.0\VC\bin\CL.exe /c /I"C:\Program Files (x86)\Visual Leak Detector\include" /ZI /nologo /W3 /WX- /Od /Oy- /D WIN32 /D _DEBUG /D _CONSOLE /D _LIB /D _UNICODE /D UNICODE /Gm /EHsc /RTC1 /MDd /GS /fp:precise /Zc:wchar_t /Zc:forScope /Fo"Debug\\" /Fd"Debug\vc120.pdb" /Gd /TP /analyze- /errorReport:prompt TextBox.cpp main.cpp
         main.cpp
     1>c:\users\naama\visualstudioprojects\project\textbox\textbox\main.cpp(128): warning C4244: 'argument' : conversion from 'DWORD' to 'WORD', possible loss of data
     1>c:\users\naama\visualstudioprojects\project\textbox\textbox\main.cpp(149): warning C4018: '<=' : signed/unsigned mismatch
     1>c:\users\naama\visualstudioprojects\project\textbox\textbox\main.cpp(160): warning C4018: '<=' : signed/unsigned mismatch
     1>c:\users\naama\visualstudioprojects\project\textbox\textbox\main.cpp(161): warning C4018: '<' : signed/unsigned mismatch
     1>c:\users\naama\visualstudioprojects\project\textbox\textbox\main.cpp(172): warning C4244: 'argument' : conversion from 'DWORD' to 'WORD', possible loss of data
     1>c:\users\naama\visualstudioprojects\project\textbox\textbox\main.cpp(176): warning C4244: 'argument' : conversion from 'DWORD' to 'WORD', possible loss of data
     1>c:\users\naama\visualstudioprojects\project\textbox\textbox\main.cpp(181): warning C4244: 'argument' : conversion from 'DWORD' to 'WORD', possible loss of data
     1>c:\users\naama\visualstudioprojects\project\textbox\textbox\main.cpp(185): warning C4244: 'argument' : conversion from 'DWORD' to 'WORD', possible loss of data
     1>c:\users\naama\visualstudioprojects\project\textbox\textbox\main.cpp(207): warning C4018: '<=' : signed/unsigned mismatch
     1>c:\users\naama\visualstudioprojects\project\textbox\textbox\main.cpp(213): warning C4018: '<' : signed/unsigned mismatch
     1>c:\users\naama\visualstudioprojects\project\textbox\textbox\main.cpp(261): warning C4018: '<=' : signed/unsigned mismatch
         TextBox.cpp
     1>c:\users\naama\visualstudioprojects\project\textbox\textbox\textbox.cpp(14): warning C4244: 'argument' : conversion from 'DWORD' to 'WORD', possible loss of data
     1>c:\users\naama\visualstudioprojects\project\textbox\textbox\textbox.cpp(23): warning C4309: 'initializing' : truncation of constant value
     1>c:\users\naama\visualstudioprojects\project\textbox\textbox\textbox.cpp(29): warning C4309: '=' : truncation of constant value
     1>c:\users\naama\visualstudioprojects\project\textbox\textbox\textbox.cpp(47): warning C4309: '=' : truncation of constant value
     1>c:\users\naama\visualstudioprojects\project\textbox\textbox\textbox.cpp(54): warning C4309: '=' : truncation of constant value
         Generating Code...
       Link:
         C:\Program Files (x86)\Microsoft Visual Studio 12.0\VC\bin\link.exe /ERRORREPORT:PROMPT /OUT:"C:\Users\Naama\VisualStudioProjects\project\TextBox\Debug\TextBox.exe" /INCREMENTAL /NOLOGO /LIBPATH:"C:\Program Files (x86)\Visual Leak Detector\lib\Win32" kernel32.lib user32.lib gdi32.lib winspool.lib comdlg32.lib advapi32.lib shell32.lib ole32.lib oleaut32.lib uuid.lib odbc32.lib odbccp32.lib /MANIFEST /MANIFESTUAC:"level='asInvoker' uiAccess='false'" /manifest:embed /DEBUG /PDB:"C:\Users\Naama\VisualStudioProjects\project\TextBox\Debug\TextBox.pdb" /SUBSYSTEM:CONSOLE /TLBID:1 /DYNAMICBASE /NXCOMPAT /IMPLIB:"C:\Users\Naama\VisualStudioProjects\project\TextBox\Debug\TextBox.lib" /MACHINE:X86 Debug\IControler.obj
         Debug\main.obj
         Debug\Size.obj
         Debug\TextBox.obj
         TextBox.vcxproj -> C:\Users\Naama\VisualStudioProjects\project\TextBox\Debug\TextBox.exe
     1>Done Building Project "C:\Users\Naama\VisualStudioProjects\project\TextBox\TextBox\TextBox.vcxproj" (Build target(s)).

Build succeeded.

Time Elapsed 00:00:01.88
