Build started 09/05/2016 01:43:06.
     1>Project "C:\Users\Naama\VisualStudioProjects\project\CheckList\CheckList\CheckList.vcxproj" on node 2 (Build target(s)).
     1>ClCompile:
         C:\Program Files (x86)\Microsoft Visual Studio 12.0\VC\bin\CL.exe /c /I"C:\Program Files (x86)\Visual Leak Detector\include" /ZI /nologo /W3 /WX- /Od /Oy- /D WIN32 /D _DEBUG /D _CONSOLE /D _LIB /D _UNICODE /D UNICODE /Gm /EHsc /RTC1 /MDd /GS /fp:precise /Zc:wchar_t /Zc:forScope /Fo"Debug\\" /Fd"Debug\vc120.pdb" /Gd /TP /analyze- /errorReport:prompt CheckList.cpp MyLine.cpp main.cpp
         MyLine.cpp
         Generating Code...
         Compiling...
         CheckList.cpp
     1>c:\users\naama\visualstudioprojects\project\checklist\checklist\checklist.cpp(12): warning C4244: 'argument' : conversion from 'DWORD' to 'WORD', possible loss of data
         Generating Code...
         Compiling...
         main.cpp
     1>c:\users\naama\visualstudioprojects\project\checklist\checklist\main.cpp(67): warning C4244: 'argument' : conversion from 'DWORD' to 'WORD', possible loss of data
     1>c:\users\naama\visualstudioprojects\project\checklist\checklist\main.cpp(129): warning C4244: 'argument' : conversion from 'DWORD' to 'WORD', possible loss of data
     1>c:\users\naama\visualstudioprojects\project\checklist\checklist\main.cpp(144): warning C4244: 'argument' : conversion from 'DWORD' to 'WORD', possible loss of data
     1>c:\users\naama\visualstudioprojects\project\checklist\checklist\main.cpp(159): warning C4244: 'argument' : conversion from 'DWORD' to 'WORD', possible loss of data
     1>c:\users\naama\visualstudioprojects\project\checklist\checklist\main.cpp(174): warning C4244: 'argument' : conversion from 'DWORD' to 'WORD', possible loss of data
         Generating Code...
       Link:
         C:\Program Files (x86)\Microsoft Visual Studio 12.0\VC\bin\link.exe /ERRORREPORT:PROMPT /OUT:"C:\Users\Naama\VisualStudioProjects\project\CheckList\Debug\CheckList.exe" /INCREMENTAL /NOLOGO /LIBPATH:"C:\Program Files (x86)\Visual Leak Detector\lib\Win32" kernel32.lib user32.lib gdi32.lib winspool.lib comdlg32.lib advapi32.lib shell32.lib ole32.lib oleaut32.lib uuid.lib odbc32.lib odbccp32.lib /MANIFEST /MANIFESTUAC:"level='asInvoker' uiAccess='false'" /manifest:embed /DEBUG /PDB:"C:\Users\Naama\VisualStudioProjects\project\CheckList\Debug\CheckList.pdb" /SUBSYSTEM:CONSOLE /TLBID:1 /DYNAMICBASE /NXCOMPAT /IMPLIB:"C:\Users\Naama\VisualStudioProjects\project\CheckList\Debug\CheckList.lib" /MACHINE:X86 Debug\CheckList.obj
         Debug\IControler.obj
         Debug\main.obj
         Debug\MyLine.obj
         Debug\Size.obj
         CheckList.vcxproj -> C:\Users\Naama\VisualStudioProjects\project\CheckList\Debug\CheckList.exe
     1>Done Building Project "C:\Users\Naama\VisualStudioProjects\project\CheckList\CheckList\CheckList.vcxproj" (Build target(s)).

Build succeeded.

Time Elapsed 00:00:02.78
